0 info it worked if it ends with ok
1 verbose cli [ '/usr/local/bin/node', '/usr/local/bin/npm', 'start' ]
2 info using npm@6.14.5
3 info using node@v12.18.2
4 verbose run-script [ 'prestart', 'start', 'poststart' ]
5 info lifecycle frontend@0.1.0~prestart: frontend@0.1.0
6 info lifecycle frontend@0.1.0~start: frontend@0.1.0
7 verbose lifecycle frontend@0.1.0~start: unsafe-perm in lifecycle true
8 verbose lifecycle frontend@0.1.0~start: PATH: /usr/local/lib/node_modules/npm/node_modules/npm-lifecycle/node-gyp-bin:/Volumes/saveBefore/_dev/_PROJECTS/procommerce/frontend/node_modules/.bin:/usr/bin:/bin:/usr/sbin:/sbin:/usr/local/bin:/Users/bool/PostgreSQL/pg95/bin/:/Users/bool/PostgreSQL/pg95/bin/:/usr/local/bin:/usr/bin:/bin:/usr/sbin:/sbin:/Library/Apple/usr/bin:/Users/bool/PostgreSQL/pg95/bin/:/usr/local/share/dotnet:/Users/bool/dev/flutter/bin/:/Volumes/saveBefore/Dev/flutter/bin/:/usr/local/share/dotnet:/usr/local/bin:/usr/bin:/bin:/usr/sbin:/sbin:/Library/Apple/usr/bin:/Users/bool/PostgreSQL/pg95/bin/:/usr/local/share/dotnet:/Users/bool/dev/flutter/bin/:/Volumes/saveBefore/Dev/flutter/bin/:/Users/bool/dev/flutter/bin/:/usr/local/bin:/usr/bin:/bin:/usr/sbin:/sbin:/Library/Apple/usr/bin:/Users/bool/PostgreSQL/pg95/bin/:/usr/local/share/dotnet:/Users/bool/dev/flutter/bin/:/Volumes/saveBefore/Dev/flutter/bin/:/usr/local/share/dotnet:/Users/bool/PostgreSQL/pg95/bin/:/usr/local/bin:/usr/bin:/bin:/usr/sbin:/sbin:/Library/Apple/usr/bin:/Users/bool/PostgreSQL/pg95/bin/:/usr/local/share/dotnet:/Users/bool/dev/flutter/bin/:/Volumes/saveBefore/Dev/flutter/bin/:/usr/local/share/dotnet:/usr/local/bin:/usr/bin:/bin:/usr/sbin:/sbin:/Library/Apple/usr/bin:/Users/bool/PostgreSQL/pg95/bin/:/usr/local/share/dotnet:/Users/bool/dev/flutter/bin/:/Volumes/saveBefore/Dev/flutter/bin/:/Users/bool/dev/flutter/bin/:/usr/local/bin:/usr/bin:/bin:/usr/sbin:/sbin:/Library/Apple/usr/bin:/Users/bool/PostgreSQL/pg95/bin/:/usr/local/share/dotnet:/Users/bool/dev/flutter/bin/:/Volumes/saveBefore/Dev/flutter/bin/:/Volumes/saveBefore/Dev/flutter/bin/:/Users/bool/PostgreSQL/pg95/bin/:/usr/local/bin:/usr/bin:/bin:/usr/sbin:/sbin:/Library/Apple/usr/bin:/Users/bool/PostgreSQL/pg95/bin/:/usr/local/share/dotnet:/Users/bool/dev/flutter/bin/:/Volumes/saveBefore/Dev/flutter/bin/:/usr/local/share/dotnet:/usr/local/bin:/usr/bin:/bin:/usr/sbin:/sbin:/Library/Apple/usr/bin:/Users/bool/PostgreSQL/pg95/bin/:/usr/local/share/dotnet:/Users/bool/dev/flutter/bin/:/Volumes/saveBefore/Dev/flutter/bin/:/Users/bool/dev/flutter/bin/:/usr/local/bin:/usr/bin:/bin:/usr/sbin:/sbin:/Library/Apple/usr/bin:/Users/bool/PostgreSQL/pg95/bin/:/usr/local/share/dotnet:/Users/bool/dev/flutter/bin/:/Volumes/saveBefore/Dev/flutter/bin/
9 verbose lifecycle frontend@0.1.0~start: CWD: /Volumes/saveBefore/_dev/_PROJECTS/procommerce/frontend
10 silly lifecycle frontend@0.1.0~start: Args: [ '-c', 'react-scripts start' ]
11 info lifecycle frontend@0.1.0~start: Failed to exec start script
12 verbose stack Error: frontend@0.1.0 start: `react-scripts start`
12 verbose stack spawn ENOENT
12 verbose stack     at ChildProcess.<anonymous> (/usr/local/lib/node_modules/npm/node_modules/npm-lifecycle/lib/spawn.js:48:18)
12 verbose stack     at ChildProcess.emit (events.js:315:20)
12 verbose stack     at maybeClose (internal/child_process.js:1021:16)
12 verbose stack     at Process.ChildProcess._handle.onexit (internal/child_process.js:286:5)
13 verbose pkgid frontend@0.1.0
14 verbose cwd /Volumes/saveBefore/_dev/_PROJECTS/procommerce/frontend
15 verbose Darwin 20.3.0
16 verbose argv "/usr/local/bin/node" "/usr/local/bin/npm" "start"
17 verbose node v12.18.2
18 verbose npm  v6.14.5
19 error code ELIFECYCLE
20 error syscall spawn
21 error file sh
22 error errno ENOENT
23 error frontend@0.1.0 start: `react-scripts start`
23 error spawn ENOENT
24 error Failed at the frontend@0.1.0 start script.
24 error This is probably not a problem with npm. There is likely additional logging output above.
25 verbose exit [ 1, true ]
